INFO  [alembic.runtime.migration] Context impl PostgresqlImpl.
INFO  [alembic.runtime.migration] Will assume transactional DDL.
INFO  [alembic.runtime.migration] Running upgrade 5c0dcb963c7b -> b598a8b0da74, Add CTE scoring criteria
Traceback (most recent call last):
  File "C:\Users\jhapg\AppData\Local\Programs\Python\Python313\Lib\site-packages\sqlalchemy\engine\base.py", line 1961, in _exec_single_context
    self.dialect.do_execute(
    ~~~~~~~~~~~~~~~~~~~~~~~^
        cursor, str_statement, effective_parameters, context
        ^^^^^^^^^^^^^^^^^^^^^^^^^^^^^^^^^^^^^^^^^^^^^^^^^^^^
    )
    ^
  File "C:\Users\jhapg\AppData\Local\Programs\Python\Python313\Lib\site-packages\sqlalchemy\engine\default.py", line 944, in do_execute
    cursor.execute(statement, parameters)
    ~~~~~~~~~~~~~~^^^^^^^^^^^^^^^^^^^^^^^
psycopg2.errors.DependentObjectsStillExist: cannot drop table interview_sessions because other objects depend on it
DETAIL:  constraint interview_messages_session_id_fkey on table interview_messages depends on table interview_sessions
HINT:  Use DROP ... CASCADE to drop the dependent objects too.


The above exception was the direct cause of the following exception:

Traceback (most recent call last):
  File "<frozen runpy>", line 198, in _run_module_as_main
  File "<frozen runpy>", line 88, in _run_code
  File "C:\Users\jhapg\AppData\Local\Programs\Python\Python313\Scripts\alembic.exe\__main__.py", line 7, in <module>
    sys.exit(main())
             ~~~~^^
  File "C:\Users\jhapg\AppData\Local\Programs\Python\Python313\Lib\site-packages\alembic\config.py", line 1022, in main
    CommandLine(prog=prog).main(argv=argv)
    ~~~~~~~~~~~~~~~~~~~~~~~~~~~^^^^^^^^^^^
  File "C:\Users\jhapg\AppData\Local\Programs\Python\Python313\Lib\site-packages\alembic\config.py", line 1012, in main
    self.run_cmd(cfg, options)
    ~~~~~~~~~~~~^^^^^^^^^^^^^^
  File "C:\Users\jhapg\AppData\Local\Programs\Python\Python313\Lib\site-packages\alembic\config.py", line 946, in run_cmd
    fn(
    ~~^
        config,
        ^^^^^^^
        *[getattr(options, k, None) for k in positional],
        ^^^^^^^^^^^^^^^^^^^^^^^^^^^^^^^^^^^^^^^^^^^^^^^^^
        **{k: getattr(options, k, None) for k in kwarg},
        ^^^^^^^^^^^^^^^^^^^^^^^^^^^^^^^^^^^^^^^^^^^^^^^^
    )
    ^
  File "C:\Users\jhapg\AppData\Local\Programs\Python\Python313\Lib\site-packages\alembic\command.py", line 483, in upgrade
    script.run_env()
    ~~~~~~~~~~~~~~^^
  File "C:\Users\jhapg\AppData\Local\Programs\Python\Python313\Lib\site-packages\alembic\script\base.py", line 549, in run_env
    util.load_python_file(self.dir, "env.py")
    ~~~~~~~~~~~~~~~~~~~~~^^^^^^^^^^^^^^^^^^^^
  File "C:\Users\jhapg\AppData\Local\Programs\Python\Python313\Lib\site-packages\alembic\util\pyfiles.py", line 116, in load_python_file
    module = load_module_py(module_id, path)
  File "C:\Users\jhapg\AppData\Local\Programs\Python\Python313\Lib\site-packages\alembic\util\pyfiles.py", line 136, in load_module_py
    spec.loader.exec_module(module)  # type: ignore
    ~~~~~~~~~~~~~~~~~~~~~~~^^^^^^^^
  File "<frozen importlib._bootstrap_external>", line 1026, in exec_module
  File "<frozen importlib._bootstrap>", line 488, in _call_with_frames_removed
  File "C:\Users\jhapg\OneDrive\Desktop\Career Edge AI\backend\alembic\env.py", line 92, in <module>
    run_migrations_online()
    ~~~~~~~~~~~~~~~~~~~~~^^
  File "C:\Users\jhapg\OneDrive\Desktop\Career Edge AI\backend\alembic\env.py", line 86, in run_migrations_online
    context.run_migrations()
    ~~~~~~~~~~~~~~~~~~~~~~^^
  File "<string>", line 8, in run_migrations
  File "C:\Users\jhapg\AppData\Local\Programs\Python\Python313\Lib\site-packages\alembic\runtime\environment.py", line 946, in run_migrations
    self.get_context().run_migrations(**kw)
    ~~~~~~~~~~~~~~~~~~~~~~~~~~~~~~~~~^^^^^^
  File "C:\Users\jhapg\AppData\Local\Programs\Python\Python313\Lib\site-packages\alembic\runtime\migration.py", line 627, in run_migrations
    step.migration_fn(**kw)
    ~~~~~~~~~~~~~~~~~^^^^^^
  File "C:\Users\jhapg\OneDrive\Desktop\Career Edge AI\backend\alembic\versions\b598a8b0da74_add_cte_scoring_criteria.py", line 25, in upgrade
    op.drop_table('interview_sessions')
    ~~~~~~~~~~~~~^^^^^^^^^^^^^^^^^^^^^^
  File "<string>", line 8, in drop_table
  File "<string>", line 3, in drop_table
  File "C:\Users\jhapg\AppData\Local\Programs\Python\Python313\Lib\site-packages\alembic\operations\ops.py", line 1436, in drop_table
    operations.invoke(op)
    ~~~~~~~~~~~~~~~~~^^^^
  File "C:\Users\jhapg\AppData\Local\Programs\Python\Python313\Lib\site-packages\alembic\operations\base.py", line 441, in invoke
    return fn(self, operation)
  File "C:\Users\jhapg\AppData\Local\Programs\Python\Python313\Lib\site-packages\alembic\operations\toimpl.py", line 85, in drop_table
    operations.impl.drop_table(
    ~~~~~~~~~~~~~~~~~~~~~~~~~~^
        operation.to_table(operations.migration_context), **kw
        ^^^^^^^^^^^^^^^^^^^^^^^^^^^^^^^^^^^^^^^^^^^^^^^^^^^^^^
    )
    ^
  File "C:\Users\jhapg\AppData\Local\Programs\Python\Python313\Lib\site-packages\alembic\ddl\impl.py", line 446, in drop_table
    self._exec(schema.DropTable(table, **kw))
    ~~~~~~~~~~^^^^^^^^^^^^^^^^^^^^^^^^^^^^^^^
  File "C:\Users\jhapg\AppData\Local\Programs\Python\Python313\Lib\site-packages\alembic\ddl\impl.py", line 246, in _exec
    return conn.execute(construct, params)
           ~~~~~~~~~~~~^^^^^^^^^^^^^^^^^^^
  File "C:\Users\jhapg\AppData\Local\Programs\Python\Python313\Lib\site-packages\sqlalchemy\engine\base.py", line 1413, in execute
    return meth(
        self,
        distilled_parameters,
        execution_options or NO_OPTIONS,
    )
  File "C:\Users\jhapg\AppData\Local\Programs\Python\Python313\Lib\site-packages\sqlalchemy\sql\ddl.py", line 187, in _execute_on_connection
    return connection._execute_ddl(
           ~~~~~~~~~~~~~~~~~~~~~~~^
        self, distilled_params, execution_options
        ^^^^^^^^^^^^^^^^^^^^^^^^^^^^^^^^^^^^^^^^^
    )
    ^
  File "C:\Users\jhapg\AppData\Local\Programs\Python\Python313\Lib\site-packages\sqlalchemy\engine\base.py", line 1524, in _execute_ddl
    ret = self._execute_context(
        dialect,
    ...<4 lines>...
        compiled,
    )
  File "C:\Users\jhapg\AppData\Local\Programs\Python\Python313\Lib\site-packages\sqlalchemy\engine\base.py", line 1840, in _execute_context
    return self._exec_single_context(
           ~~~~~~~~~~~~~~~~~~~~~~~~~^
        dialect, context, statement, parameters
        ^^^^^^^^^^^^^^^^^^^^^^^^^^^^^^^^^^^^^^^
    )
    ^
  File "C:\Users\jhapg\AppData\Local\Programs\Python\Python313\Lib\site-packages\sqlalchemy\engine\base.py", line 1980, in _exec_single_context
    self._handle_dbapi_exception(
    ~~~~~~~~~~~~~~~~~~~~~~~~~~~~^
        e, str_statement, effective_parameters, cursor, context
        ^^^^^^^^^^^^^^^^^^^^^^^^^^^^^^^^^^^^^^^^^^^^^^^^^^^^^^^
    )
    ^
  File "C:\Users\jhapg\AppData\Local\Programs\Python\Python313\Lib\site-packages\sqlalchemy\engine\base.py", line 2349, in _handle_dbapi_exception
    raise sqlalchemy_exception.with_traceback(exc_info[2]) from e
  File "C:\Users\jhapg\AppData\Local\Programs\Python\Python313\Lib\site-packages\sqlalchemy\engine\base.py", line 1961, in _exec_single_context
    self.dialect.do_execute(
    ~~~~~~~~~~~~~~~~~~~~~~~^
        cursor, str_statement, effective_parameters, context
        ^^^^^^^^^^^^^^^^^^^^^^^^^^^^^^^^^^^^^^^^^^^^^^^^^^^^
    )
    ^
  File "C:\Users\jhapg\AppData\Local\Programs\Python\Python313\Lib\site-packages\sqlalchemy\engine\default.py", line 944, in do_execute
    cursor.execute(statement, parameters)
    ~~~~~~~~~~~~~~^^^^^^^^^^^^^^^^^^^^^^^
sqlalchemy.exc.InternalError: (psycopg2.errors.DependentObjectsStillExist) cannot drop table interview_sessions because other objects depend on it
DETAIL:  constraint interview_messages_session_id_fkey on table interview_messages depends on table interview_sessions
HINT:  Use DROP ... CASCADE to drop the dependent objects too.

[SQL: 
DROP TABLE interview_sessions]
(Background on this error at: https://sqlalche.me/e/20/2j85)
